[32mINFO    [0m root:test_invest.py:82 *********æŠ•èµ„ç”¨ä¾‹ï¼šæ­£å¸¸åœºæ™¯-æŠ•èµ„æˆåŠŸ*********
[32mINFO    [0m root:basepage.py:21 ç­‰å¾…å…ƒç´ ('xpath', "//input[contains(@class,'invest-unit-investinput')]")å¯è§
[32mINFO    [0m root:basepage.py:26 å¼€å§‹æ—¶é—´2020-12-18 21:36:07.384248ï¼Œç»“æŸæ—¶é—´2020-12-18 21:36:07.401203ï¼Œç­‰å¾…æ—¶é•¿0:00:00.016955
[32mINFO    [0m root:basepage.py:36 å¼€å§‹æŸ¥æ‰¾('xpath', "//input[contains(@class,'invest-unit-investinput')]")å…ƒç´ 
[32mINFO    [0m root:basepage.py:79 å…ƒç´ ('xpath', "//input[contains(@class,'invest-unit-investinput')]")çš„å±æ€§data-amountçš„å€¼ä¸º4914562800.26
[32mINFO    [0m root:basepage.py:21 ç­‰å¾…å…ƒç´ ('xpath', "//input[contains(@class,'invest-unit-investinput')]")å¯è§
[32mINFO    [0m root:basepage.py:26 å¼€å§‹æ—¶é—´2020-12-18 21:36:07.415166ï¼Œç»“æŸæ—¶é—´2020-12-18 21:36:07.429129ï¼Œç­‰å¾…æ—¶é•¿0:00:00.013963
[32mINFO    [0m root:basepage.py:36 å¼€å§‹æŸ¥æ‰¾('xpath', "//input[contains(@class,'invest-unit-investinput')]")å…ƒç´ 
[32mINFO    [0m root:basepage.py:65 ç»™å…ƒç´ ('xpath', "//input[contains(@class,'invest-unit-investinput')]")è¾“å…¥(1000,)æ–‡æœ¬å€¼
[32mINFO    [0m root:basepage.py:21 ç­‰å¾…å…ƒç´ ('xpath', '//button[text()="æŠ•æ ‡"]')å¯è§
[32mINFO    [0m root:basepage.py:26 å¼€å§‹æ—¶é—´2020-12-18 21:36:07.499939ï¼Œç»“æŸæ—¶é—´2020-12-18 21:36:07.534852ï¼Œç­‰å¾…æ—¶é•¿0:00:00.034913
[32mINFO    [0m root:basepage.py:36 å¼€å§‹æŸ¥æ‰¾('xpath', '//button[text()="æŠ•æ ‡"]')å…ƒç´ 
[32mINFO    [0m root:basepage.py:50 å¼€å§‹ç‚¹å‡»å…ƒç´ ('xpath', '//button[text()="æŠ•æ ‡"]')
[32mINFO    [0m root:basepage.py:21 ç­‰å¾…å…ƒç´ ('xpath', "//div[@class='layui-layer-content']//button[text()='æŸ¥çœ‹å¹¶æ¿€æ´»']")å¯è§
[32mINFO    [0m root:basepage.py:26 å¼€å§‹æ—¶é—´2020-12-18 21:36:07.630591ï¼Œç»“æŸæ—¶é—´2020-12-18 21:36:08.191092ï¼Œç­‰å¾…æ—¶é•¿0:00:00.560501
[32mINFO    [0m root:basepage.py:36 å¼€å§‹æŸ¥æ‰¾('xpath', "//div[@class='layui-layer-content']//button[text()='æŸ¥çœ‹å¹¶æ¿€æ´»']")å…ƒç´ 
[32mINFO    [0m root:basepage.py:50 å¼€å§‹ç‚¹å‡»å…ƒç´ ('xpath', "//div[@class='layui-layer-content']//button[text()='æŸ¥çœ‹å¹¶æ¿€æ´»']")
[31m[1mERROR   [0m root:basepage.py:54 å…ƒç´ ('xpath', "//div[@class='layui-layer-content']//button[text()='æŸ¥çœ‹å¹¶æ¿€æ´»']")ç‚¹å‡»å¤±è´¥
Traceback (most recent call last):
  File "F:\PycharmProjects\POitem1\Common\basepage.py", line 52, in click_element
    ele.click()
  File "d:\python\python37\lib\site-packages\selenium\webdriver\remote\webelement.py", line 80, in click
    self._execute(Command.CLICK_ELEMENT)
  File "d:\python\python37\lib\site-packages\selenium\webdriver\remote\webelement.py", line 633, in _execute
    return self._parent.execute(command, params)
  File "d:\python\python37\lib\site-packages\selenium\webdriver\remote\webdriver.py", line 321, in execute
    self.error_handler.check_response(response)
  File "d:\python\python37\lib\site-packages\selenium\webdriver\remote\errorhandler.py", line 242, in check_response
    raise exception_class(message, screen, stacktrace)
selenium.common.exceptions.TimeoutException: Message: timeout: Timed out receiving message from renderer: 300.000
  (Session info: chrome=87.0.4280.88)

[31m[1mERROR   [0m root:basepage.py:110 ç½‘é¡µæˆªå±å¤±è´¥
Traceback (most recent call last):
  File "F:\PycharmProjects\POitem1\Common\basepage.py", line 52, in click_element
    ele.click()
  File "d:\python\python37\lib\site-packages\selenium\webdriver\remote\webelement.py", line 80, in click
    self._execute(Command.CLICK_ELEMENT)
  File "d:\python\python37\lib\site-packages\selenium\webdriver\remote\webelement.py", line 633, in _execute
    return self._parent.execute(command, params)
  File "d:\python\python37\lib\site-packages\selenium\webdriver\remote\webdriver.py", line 321, in execute
    self.error_handler.check_response(response)
  File "d:\python\python37\lib\site-packages\selenium\webdriver\remote\errorhandler.py", line 242, in check_response
    raise exception_class(message, screen, stacktrace)
selenium.common.exceptions.TimeoutException: Message: timeout: Timed out receiving message from renderer: 300.000
  (Session info: chrome=87.0.4280.88)


During handling of the above exception, another exception occurred:

Traceback (most recent call last):
  File "F:\PycharmProjects\POitem1\Common\basepage.py", line 107, in save_web_screenshot
    self.driver.save_screenshot(screenshot_dir + '/' + filepath)
  File "d:\python\python37\lib\site-packages\selenium\webdriver\remote\webdriver.py", line 1055, in save_screenshot
    return self.get_screenshot_as_file(filename)
  File "d:\python\python37\lib\site-packages\selenium\webdriver\remote\webdriver.py", line 1032, in get_screenshot_as_file
    png = self.get_screenshot_as_png()
  File "d:\python\python37\lib\site-packages\selenium\webdriver\remote\webdriver.py", line 1064, in get_screenshot_as_png
    return base64.b64decode(self.get_screenshot_as_base64().encode('ascii'))
  File "d:\python\python37\lib\site-packages\selenium\webdriver\remote\webdriver.py", line 1074, in get_screenshot_as_base64
    return self.execute(Command.SCREENSHOT)['value']
  File "d:\python\python37\lib\site-packages\selenium\webdriver\remote\webdriver.py", line 321, in execute
    self.error_handler.check_response(response)
  File "d:\python\python37\lib\site-packages\selenium\webdriver\remote\errorhandler.py", line 242, in check_response
    raise exception_class(message, screen, stacktrace)
selenium.common.exceptions.TimeoutException: Message: timeout: Timed out receiving message from renderer: 10.000
  (Session info: chrome=87.0.4280.88)